<?xml version="1.0" encoding="UTF-8"?>
<!-- Generated by org.testng.reporters.JUnitReportReporter -->
<testsuite hostname="vijay-PC" name="com.Pavanselframework.testcases.TC_Logintest_002" tests="1" failures="0" timestamp="3 Jul 2021 13:58:59 GMT" time="2.751" errors="0">
  <testcase name="logintest" time="2.751" classname="com.Pavanselframework.testcases.TC_Logintest_002"/>
</testsuite> <!-- com.Pavanselframework.testcases.TC_Logintest_002 -->
