<?xml version="1.0" encoding="UTF-8"?>
<!-- Generated by org.testng.reporters.JUnitReportReporter -->
<testsuite hostname="vijay-PC" name="com.Pavanselframework.testcases.TC_Fundtrs_01" tests="1" failures="0" timestamp="9 Jul 2021 07:53:12 GMT" time="10.035" errors="0">
  <testcase name="fundtransfer" time="10.035" classname="com.Pavanselframework.testcases.TC_Fundtrs_01"/>
</testsuite> <!-- com.Pavanselframework.testcases.TC_Fundtrs_01 -->
