<?xml version="1.0" encoding="UTF-8"?>
<!-- Generated by org.testng.reporters.JUnitReportReporter -->
<testsuite hostname="vijay-PC" name="com.Pavanselframework.testcases.Addnewcustguru99" tests="1" failures="0" timestamp="8 Jul 2021 09:47:49 GMT" time="18.818" errors="0">
  <testcase name="addnewcust" time="18.818" classname="com.Pavanselframework.testcases.Addnewcustguru99"/>
</testsuite> <!-- com.Pavanselframework.testcases.Addnewcustguru99 -->
