<?xml version="1.0" encoding="UTF-8"?>
<!-- Generated by org.testng.reporters.JUnitReportReporter -->
<testsuite hostname="vijay-PC" name="com.Pavanselframework.testcases.TC_Logintest_001" tests="1" failures="0" timestamp="8 Jul 2021 09:40:26 GMT" time="5.440" errors="0">
  <testcase name="Logintest" time="5.440" classname="com.Pavanselframework.testcases.TC_Logintest_001"/>
</testsuite> <!-- com.Pavanselframework.testcases.TC_Logintest_001 -->
