<?xml version="1.0" encoding="UTF-8"?>
<!-- Generated by org.testng.reporters.JUnitReportReporter -->
<testsuite hostname="vijay-PC" name="com.Pavanselframework.testcases.TC_NewAccnt_01" tests="1" failures="0" timestamp="9 Jul 2021 05:45:31 GMT" time="10.614" errors="0">
  <testcase name="newaccount" time="10.614" classname="com.Pavanselframework.testcases.TC_NewAccnt_01"/>
</testsuite> <!-- com.Pavanselframework.testcases.TC_NewAccnt_01 -->
