<?xml version="1.0" encoding="UTF-8"?>
<!-- Generated by org.testng.reporters.JUnitReportReporter -->
<testsuite hostname="vijay-PC" name="com.Pavanselframework.testcases.TC_MiniStat_01" tests="1" failures="0" timestamp="12 Jul 2021 10:03:09 GMT" time="12.034" errors="0">
  <testcase name="ministat" time="12.034" classname="com.Pavanselframework.testcases.TC_MiniStat_01"/>
</testsuite> <!-- com.Pavanselframework.testcases.TC_MiniStat_01 -->
