<?xml version="1.0" encoding="UTF-8"?>
<!-- Generated by org.testng.reporters.JUnitReportReporter -->
<testsuite hostname="vijay-PC" name="com.Pavanselframework.testcases.TC_Custmigedstatement_01" tests="1" failures="0" timestamp="13 Jul 2021 07:44:30 GMT" time="13.236" errors="0">
  <testcase name="ministat" time="13.236" classname="com.Pavanselframework.testcases.TC_Custmigedstatement_01"/>
</testsuite> <!-- com.Pavanselframework.testcases.TC_Custmigedstatement_01 -->
