<?xml version="1.0" encoding="UTF-8"?>
<!-- Generated by org.testng.reporters.JUnitReportReporter -->
<testsuite skipped="0" hostname="vijay-PC" name="com.Pavanselframework.testcases.TC_MiniStat_01" tests="1" failures="0" timestamp="12 Jul 2021 03:22:46 GMT" time="15.607" errors="0">
  <testcase name="ministat" time="15.607" classname="com.Pavanselframework.testcases.TC_MiniStat_01"/>
</testsuite> <!-- com.Pavanselframework.testcases.TC_MiniStat_01 -->
